<?xml version="1.0" encoding="UTF-8"?>
<!-- Generated by org.testng.reporters.JUnitReportReporter -->
<testsuite hostname="Hp" name="roy.pranab.Open_Browser" tests="1" failures="0" timestamp="29 Feb 2016 07:26:21 GMT" time="0.015" errors="0">
  <testcase name="m1Test" time="0.015" classname="roy.pranab.Open_Browser"/>
</testsuite> <!-- roy.pranab.Open_Browser -->
